<?xml version="1.0" encoding="UTF-8"?>
<testsuite xmlns:xsi="http://www.w3.org/2001/XMLSchema-instance" xsi:noNamespaceSchemaLocation="https://maven.apache.org/surefire/maven-surefire-plugin/xsd/surefire-test-report.xsd" version="3.0.2" name="com.example.examengine.PdfOcrControllerTest" time="0.001" tests="1" errors="0" skipped="0" failures="0">
  <properties>
[...]
</properties>
  <testcase name="pdfTextTest" classname="com.example.examengine.PdfOcrControllerTest" time="0.001">
    <system-out><![CDATA[10. On the occasion of Republic Day, a retail store offers a scheme where (+3, -1)
customers can avail a discount of 26% on their total purchase. If Manish buys
items worth ¢2,050, how much money (in Z) will he save through the scheme
discount?
a. 1,522
b. 2,511
c. 533
d. 544
ll. Vessel A contains milk and water in the ratio 4: 5. Vessel B contains milk and (+3, -1)
water in the ratio 2 : 1. If x litres mixture of A is mixed with y litres mixture of B,
then the ratio of milk to water in the mixture becomes 8: 5. Find the ratio x: y.
a. 5:6
b. 3:10
c. 2:5
d. 3:4
12. The average of first 91 even numbers is (+3, -1)
a. 1.91
b. 2.90
c. 3.92
d. 4.93
GET ITON .
Prepp Download Prepp APP > Google Play

]]></system-out>
  </testcase>
</testsuite>